2025.01.13 16:08:37 INFO  Started: Metals version 1.4.2 in folders '/Users/damian/rok3/ProjektZespołowy/CompareItProject/compare-it' for client Visual Studio Code 1.75.1.
2025.01.13 16:08:37 INFO  no build target found for /Users/damian/rok3/ProjektZespołowy/CompareItProject/compare-it/backend/src/main/java/it/compare/backend/product/controller/ProductRestController.java. Using presentation compiler with project's scala-library version: 3.3.4
Jan 13, 2025 4:08:39 PM org.eclipse.lsp4j.jsonrpc.RemoteEndpoint handleCancellation
WARNING: Unmatched cancel notification for request id 3
Jan 13, 2025 4:08:39 PM org.eclipse.lsp4j.jsonrpc.RemoteEndpoint handleCancellation
WARNING: Unmatched cancel notification for request id 2
Jan 13, 2025 4:08:39 PM org.eclipse.lsp4j.jsonrpc.RemoteEndpoint handleCancellation
WARNING: Unmatched cancel notification for request id 1
2025.01.13 16:08:39 INFO  no build target found for /Users/damian/rok3/ProjektZespołowy/CompareItProject/compare-it/backend/src/main/java/it/compare/backend/product/controller/ProductRestController.java. Using presentation compiler with project's scala-library version: 3.3.4
Jan 13, 2025 4:08:40 PM scala.meta.internal.pc.CompilerAccess handleError
SEVERE: A severe compiler error occurred, full details of the error can be found in the error report /Users/damian/rok3/ProjektZespołowy/CompareItProject/compare-it/.metals/.reports/metals-full/2025-01-13/r_compiler-error_16-08-40-645.md
2025.01.13 16:09:04 INFO  no build target found for /Users/damian/rok3/ProjektZespołowy/CompareItProject/compare-it/backend/src/main/java/it/compare/backend/product/controller/ProductRestController.java. Using presentation compiler with project's scala-library version: 3.3.4
2025.01.13 16:09:09 INFO  no build target found for /Users/damian/rok3/ProjektZespołowy/CompareItProject/compare-it/backend/src/main/java/it/compare/backend/product/controller/ProductRestController.java. Using presentation compiler with project's scala-library version: 3.3.4
Jan 13, 2025 4:09:09 PM scala.meta.internal.pc.CompilerAccess handleError
SEVERE: A severe compiler error occurred, full details of the error can be found in the error report /Users/damian/rok3/ProjektZespołowy/CompareItProject/compare-it/.metals/.reports/metals-full/2025-01-13/r_compiler-error_16-09-09-680.md
2025.01.13 16:09:10 INFO  no build target found for /Users/damian/rok3/ProjektZespołowy/CompareItProject/compare-it/backend/src/main/java/it/compare/backend/product/controller/ProductRestController.java. Using presentation compiler with project's scala-library version: 3.3.4
2025.01.13 16:13:33 INFO  no build target found for /Users/damian/rok3/ProjektZespołowy/CompareItProject/compare-it/backend/src/main/java/it/compare/backend/product/controller/ProductRestController.java. Using presentation compiler with project's scala-library version: 3.3.4
2025.01.13 18:39:54 INFO  Shutting down server
2025.01.13 18:39:54 INFO  shutting down Metals
2025.01.13 18:39:54 INFO  Exiting server
